/home/lvndry/Github/impala/_tests/ct/exclude.c: In function ‘main’:
/home/lvndry/Github/impala/_tests/ct/exclude.c:3:14: warning: unused parameter ‘argc’ [-Wunused-parameter]
 int main(int argc, char const *argv[])
              ^~~~
/home/lvndry/Github/impala/_tests/ct/exclude.c:3:32: warning: unused parameter ‘argv’ [-Wunused-parameter]
 int main(int argc, char const *argv[])
                                ^~~~
/home/lvndry/Github/impala/_tests/main.c: In function ‘main’:
/home/lvndry/Github/impala/_tests/main.c:3:14: warning: unused parameter ‘argc’ [-Wunused-parameter]
 int main(int argc, char const *argv[]) {
              ^~~~
/home/lvndry/Github/impala/_tests/main.c:3:32: warning: unused parameter ‘argv’ [-Wunused-parameter]
 int main(int argc, char const *argv[]) {
                                ^~~~
build/release/main.o: In function `main':
/home/lvndry/Github/impala/_tests/main.c:3: multiple definition of `main'
build/release/ct/exclude.o:/home/lvndry/Github/impala/_tests/ct/exclude.c:5: first defined here
collect2: error: ld returned 1 exit status
make[1]: *** [makefile:196: bin/release/_tests] Error 1
make: *** [makefile:140: release] Error 2
